19:45:08.022  INFO [main] b.c.gpimanager.GpiManagerApplication:55 - Starting GpiManagerApplication using Java 1.8.0_272 on msilvadev with PID 6134 (/home/msilvadev/Documents/workspace/sigo-backend/gpi-manager/target/classes started by msilvadev in /home/msilvadev/Documents/workspace/sigo-backend/gpi-manager)
19:45:08.029  INFO [main] b.c.gpimanager.GpiManagerApplication:664 - The following profiles are active: dev
19:45:09.924  WARN [main] o.s.b.w.s.c.AnnotationConfigServletWebServerApplicationContext:596 - Exception encountered during context initialization - cancelling refresh attempt: org.springframework.beans.factory.UnsatisfiedDependencyException: Error creating bean with name 'flywayInitializer' defined in class path resource [org/springframework/boot/autoconfigure/flyway/FlywayAutoConfiguration$FlywayConfiguration.class]: Unsatisfied dependency expressed through method 'flywayInitializer' parameter 0; nested exception is org.springframework.beans.factory.BeanCreationException: Error creating bean with name 'flyway' defined in class path resource [org/springframework/boot/autoconfigure/flyway/FlywayAutoConfiguration$FlywayConfiguration.class]: Bean instantiation via factory method failed; nested exception is org.springframework.beans.BeanInstantiationException: Failed to instantiate [org.flywaydb.core.Flyway]: Factory method 'flyway' threw exception; nested exception is org.springframework.boot.autoconfigure.flyway.FlywayMigrationScriptMissingException: Cannot find migration scripts in: [classpath:db/migration] (please add migration scripts or check your Flyway configuration)
19:45:09.952 ERROR [main] o.s.b.d.LoggingFailureAnalysisReporter:40 - 

***************************
APPLICATION FAILED TO START
***************************

Description:

Flyway failed to initialize: none of the following migration scripts locations could be found:

	- classpath:db/migration


Action:

Review the locations above or check your Flyway configuration

19:45:44.295  INFO [main] b.c.gpimanager.GpiManagerApplication:55 - Starting GpiManagerApplication using Java 1.8.0_272 on msilvadev with PID 6367 (/home/msilvadev/Documents/workspace/sigo-backend/gpi-manager/target/classes started by msilvadev in /home/msilvadev/Documents/workspace/sigo-backend/gpi-manager)
19:45:44.298  INFO [main] b.c.gpimanager.GpiManagerApplication:664 - The following profiles are active: dev
19:45:48.509  INFO [main] b.c.gpimanager.GpiManagerApplication:61 - Started GpiManagerApplication in 4.86 seconds (JVM running for 5.608)
19:45:48.619  INFO [main] b.c.g.s.DashboardReportServiceImpl:44 - Loading Dashboard Report Cache...
19:45:48.837  INFO [main] b.c.g.s.DashboardReportServiceImpl:52 - Dashboard Report Cache loaded in 218 ms
19:45:48.839  INFO [main] b.c.g.s.DashboardReportServiceImpl:54 - Load 2 Dashboard Report Cache
19:45:48.839  INFO [main] b.c.g.c.StartupConfiguration:44 - Load json with mock data to test!
19:45:48.841  INFO [main] b.c.gpimanager.GpiManagerApplication:20 - GpiManagerApplication has completed startup
20:22:57.383  WARN [ActiveMQ Connection Executor: vm://localhost#0] o.s.j.c.CachingConnectionFactory:509 - Could not close shared JMS Connection
javax.jms.JMSException: Disposed due to prior exception
	at org.apache.activemq.util.JMSExceptionSupport.create(JMSExceptionSupport.java:72)
	at org.apache.activemq.ActiveMQConnection.syncSendPacket(ActiveMQConnection.java:1421)
	at org.apache.activemq.ActiveMQConnection.close(ActiveMQConnection.java:688)
	at org.springframework.jms.connection.SingleConnectionFactory.closeConnection(SingleConnectionFactory.java:502)
	at org.springframework.jms.connection.SingleConnectionFactory.resetConnection(SingleConnectionFactory.java:390)
	at org.springframework.jms.connection.CachingConnectionFactory.resetConnection(CachingConnectionFactory.java:206)
	at org.springframework.jms.connection.SingleConnectionFactory.onException(SingleConnectionFactory.java:368)
	at org.springframework.jms.connection.SingleConnectionFactory$AggregatedExceptionListener.onException(SingleConnectionFactory.java:716)
	at org.apache.activemq.ActiveMQConnection$5.run(ActiveMQConnection.java:1967)
	at java.util.concurrent.ThreadPoolExecutor.runWorker(ThreadPoolExecutor.java:1149)
	at java.util.concurrent.ThreadPoolExecutor$Worker.run(ThreadPoolExecutor.java:624)
	at java.lang.Thread.run(Thread.java:748)
Caused by: org.apache.activemq.transport.TransportDisposedIOException: Disposed due to prior exception
	at org.apache.activemq.transport.ResponseCorrelator.onException(ResponseCorrelator.java:125)
	at org.apache.activemq.transport.TransportFilter.onException(TransportFilter.java:114)
	at org.apache.activemq.transport.vm.VMTransport.stop(VMTransport.java:233)
	at org.apache.activemq.transport.TransportFilter.stop(TransportFilter.java:72)
	at org.apache.activemq.transport.TransportFilter.stop(TransportFilter.java:72)
	at org.apache.activemq.transport.ResponseCorrelator.stop(ResponseCorrelator.java:132)
	at org.apache.activemq.broker.TransportConnection.doStop(TransportConnection.java:1189)
	at org.apache.activemq.broker.TransportConnection$4.run(TransportConnection.java:1155)
	... 3 common frames omitted
Caused by: org.apache.activemq.transport.TransportDisposedIOException: peer (vm://localhost#1) stopped.
	... 9 common frames omitted
20:23:14.369  INFO [main] b.c.g.GpiManagerApplicationTests:55 - Starting GpiManagerApplicationTests using Java 1.8.0_272 on msilvadev with PID 8396 (started by msilvadev in /home/msilvadev/Documents/workspace/sigo-backend/gpi-manager)
20:23:14.371  INFO [main] b.c.g.GpiManagerApplicationTests:664 - The following profiles are active: dev
20:23:19.668  INFO [main] b.c.g.GpiManagerApplicationTests:61 - Started GpiManagerApplicationTests in 5.711 seconds (JVM running for 8.34)
20:23:19.929  INFO [main] b.c.g.s.DashboardReportServiceImpl:44 - Loading Dashboard Report Cache...
20:23:20.067  INFO [main] b.c.g.s.DashboardReportServiceImpl:52 - Dashboard Report Cache loaded in 137 ms
20:23:20.069  INFO [main] b.c.g.s.DashboardReportServiceImpl:54 - Load 2 Dashboard Report Cache
20:23:20.069  INFO [main] b.c.g.c.StartupConfiguration:44 - Load json with mock data to test!
20:23:20.107  INFO [main] b.c.gpimanager.GpiManagerApplication:15 - Initializing GpiManagerApplication Application...
20:23:20.167  INFO [main] b.c.gpimanager.GpiManagerApplication:55 - Starting GpiManagerApplication using Java 1.8.0_272 on msilvadev with PID 8396 (started by msilvadev in /home/msilvadev/Documents/workspace/sigo-backend/gpi-manager)
20:23:20.168  INFO [main] b.c.gpimanager.GpiManagerApplication:664 - The following profiles are active: dev
20:23:21.871  INFO [main] b.c.gpimanager.GpiManagerApplication:61 - Started GpiManagerApplication in 1.759 seconds (JVM running for 10.543)
20:23:21.900  INFO [main] b.c.g.s.DashboardReportServiceImpl:44 - Loading Dashboard Report Cache...
20:23:21.929  INFO [main] b.c.g.s.DashboardReportServiceImpl:52 - Dashboard Report Cache loaded in 27 ms
20:23:21.929  INFO [main] b.c.g.s.DashboardReportServiceImpl:54 - Load 2 Dashboard Report Cache
20:23:21.929  INFO [main] b.c.g.c.StartupConfiguration:44 - Load json with mock data to test!
20:23:21.930  INFO [main] b.c.gpimanager.GpiManagerApplication:20 - GpiManagerApplication has completed startup
20:23:22.159  WARN [SpringContextShutdownHook] o.h.e.jdbc.spi.SqlExceptionHelper:137 - SQL Error: 90121, SQLState: 90121
20:23:22.159 ERROR [SpringContextShutdownHook] o.h.e.jdbc.spi.SqlExceptionHelper:142 - Database is already closed (to disable automatic closing at VM shutdown, add ";DB_CLOSE_ON_EXIT=FALSE" to the db URL) [90121-200]
20:23:22.160  WARN [SpringContextShutdownHook] o.h.e.jdbc.spi.SqlExceptionHelper:137 - SQL Error: 90121, SQLState: 90121
20:23:22.160 ERROR [SpringContextShutdownHook] o.h.e.jdbc.spi.SqlExceptionHelper:142 - Database is already closed (to disable automatic closing at VM shutdown, add ";DB_CLOSE_ON_EXIT=FALSE" to the db URL) [90121-200]
20:23:22.161  WARN [SpringContextShutdownHook] o.s.b.f.s.DisposableBeanAdapter:267 - Invocation of destroy method failed on bean with name 'entityManagerFactory': org.hibernate.exception.JDBCConnectionException: Unable to release JDBC Connection used for DDL execution
